2023-12-12T13:22:21.166+05:30  INFO 12124 --- [CUSTOMER-SERVICE] [restartedMain] c.cust.poc.CustomerServiceApplication    : Starting CustomerServiceApplication using Java 17.0.8 with PID 12124 (C:\Users\Optimum.DESKTOP-5E11VK4\Ravi\Workspace\POC-V4\customer-service\target\classes started by Optimum in C:\Users\Optimum.DESKTOP-5E11VK4\Ravi\Workspace\POC-V4\customer-service)
2023-12-12T13:22:21.180+05:30  INFO 12124 --- [CUSTOMER-SERVICE] [restartedMain] c.cust.poc.CustomerServiceApplication    : No active profile set, falling back to 1 default profile: "default"
2023-12-12T13:22:21.338+05:30  INFO 12124 --- [CUSTOMER-SERVICE] [restartedMain] .e.DevToolsPropertyDefaultsPostProcessor : Devtools property defaults active! Set 'spring.devtools.add-properties' to 'false' to disable
2023-12-12T13:22:21.339+05:30  INFO 12124 --- [CUSTOMER-SERVICE] [restartedMain] .e.DevToolsPropertyDefaultsPostProcessor : For additional web related logging consider setting the 'logging.level.web' property to 'DEBUG'
2023-12-12T13:22:23.391+05:30  INFO 12124 --- [CUSTOMER-SERVICE] [restartedMain] .s.d.r.c.RepositoryConfigurationDelegate : Bootstrapping Spring Data JPA repositories in DEFAULT mode.
2023-12-12T13:22:23.478+05:30  INFO 12124 --- [CUSTOMER-SERVICE] [restartedMain] .s.d.r.c.RepositoryConfigurationDelegate : Finished Spring Data repository scanning in 73 ms. Found 1 JPA repository interface.
2023-12-12T13:22:23.901+05:30  INFO 12124 --- [CUSTOMER-SERVICE] [restartedMain] o.s.cloud.context.scope.GenericScope     : BeanFactory id=0550600c-1655-3c6f-8cb4-e653f651e8a8
2023-12-12T13:22:24.078+05:30  WARN 12124 --- [CUSTOMER-SERVICE] [restartedMain] trationDelegate$BeanPostProcessorChecker : Bean 'com.cust.poc.feign.AccountFeignClient' of type [org.springframework.cloud.openfeign.FeignClientFactoryBean] is not eligible for getting processed by all BeanPostProcessors (for example: not eligible for auto-proxying). Is this bean getting eagerly injected into a currently created BeanPostProcessor [persistenceExceptionTranslationPostProcessor]? Check the corresponding BeanPostProcessor declaration and its dependencies.
2023-12-12T13:22:25.326+05:30  INFO 12124 --- [CUSTOMER-SERVICE] [restartedMain] o.s.b.w.embedded.tomcat.TomcatWebServer  : Tomcat initialized with port 8083 (http)
2023-12-12T13:22:25.345+05:30  INFO 12124 --- [CUSTOMER-SERVICE] [restartedMain] o.apache.catalina.core.StandardService   : Starting service [Tomcat]
2023-12-12T13:22:25.346+05:30  INFO 12124 --- [CUSTOMER-SERVICE] [restartedMain] o.apache.catalina.core.StandardEngine    : Starting Servlet engine: [Apache Tomcat/10.1.16]
2023-12-12T13:22:25.472+05:30  INFO 12124 --- [CUSTOMER-SERVICE] [restartedMain] o.a.c.c.C.[Tomcat].[localhost].[/v1]     : Initializing Spring embedded WebApplicationContext
2023-12-12T13:22:25.473+05:30  INFO 12124 --- [CUSTOMER-SERVICE] [restartedMain] w.s.c.ServletWebServerApplicationContext : Root WebApplicationContext: initialization completed in 4132 ms
2023-12-12T13:22:25.846+05:30 DEBUG 12124 --- [CUSTOMER-SERVICE] [restartedMain] o.s.w.f.ServerHttpObservationFilter      : Filter 'webMvcObservationFilter' configured for use
2023-12-12T13:22:26.691+05:30  INFO 12124 --- [CUSTOMER-SERVICE] [restartedMain] o.s.o.j.p.SpringPersistenceUnitInfo      : No LoadTimeWeaver setup: ignoring JPA class transformer
2023-12-12T13:22:26.744+05:30  INFO 12124 --- [CUSTOMER-SERVICE] [restartedMain] com.zaxxer.hikari.HikariDataSource       : HikariPool-1 - Starting...
2023-12-12T13:22:27.252+05:30  INFO 12124 --- [CUSTOMER-SERVICE] [restartedMain] com.zaxxer.hikari.pool.HikariPool        : HikariPool-1 - Added connection com.mysql.cj.jdbc.ConnectionImpl@ebc0940
2023-12-12T13:22:27.254+05:30  INFO 12124 --- [CUSTOMER-SERVICE] [restartedMain] com.zaxxer.hikari.HikariDataSource       : HikariPool-1 - Start completed.
2023-12-12T13:22:28.873+05:30  INFO 12124 --- [CUSTOMER-SERVICE] [restartedMain] j.LocalContainerEntityManagerFactoryBean : Initialized JPA EntityManagerFactory for persistence unit 'default'
2023-12-12T13:22:29.785+05:30  WARN 12124 --- [CUSTOMER-SERVICE] [restartedMain] JpaBaseConfiguration$JpaWebConfiguration : spring.jpa.open-in-view is enabled by default. Therefore, database queries may be performed during view rendering. Explicitly configure spring.jpa.open-in-view to disable this warning
2023-12-12T13:22:29.897+05:30  INFO 12124 --- [CUSTOMER-SERVICE] [restartedMain] o.s.b.d.a.OptionalLiveReloadServer       : LiveReload server is running on port 35729
2023-12-12T13:22:30.278+05:30 DEBUG 12124 --- [CUSTOMER-SERVICE] [restartedMain] s.w.s.m.m.a.RequestMappingHandlerMapping : 9 mappings in 'requestMappingHandlerMapping'
2023-12-12T13:22:30.531+05:30 DEBUG 12124 --- [CUSTOMER-SERVICE] [restartedMain] o.s.w.s.handler.SimpleUrlHandlerMapping  : Patterns [/webjars/**, /**, /swagger-ui*/*swagger-initializer.js, /swagger-ui*/**] in 'resourceHandlerMapping'
2023-12-12T13:22:30.651+05:30 DEBUG 12124 --- [CUSTOMER-SERVICE] [restartedMain] s.w.s.m.m.a.RequestMappingHandlerAdapter : ControllerAdvice beans: 0 @ModelAttribute, 0 @InitBinder, 1 RequestBodyAdvice, 1 ResponseBodyAdvice
2023-12-12T13:22:30.730+05:30 DEBUG 12124 --- [CUSTOMER-SERVICE] [restartedMain] .m.m.a.ExceptionHandlerExceptionResolver : ControllerAdvice beans: 2 @ExceptionHandler, 1 ResponseBodyAdvice
2023-12-12T13:22:32.144+05:30  INFO 12124 --- [CUSTOMER-SERVICE] [restartedMain] o.s.b.a.e.web.EndpointLinksResolver      : Exposing 1 endpoint(s) beneath base path '/actuator'
2023-12-12T13:22:32.297+05:30  INFO 12124 --- [CUSTOMER-SERVICE] [restartedMain] o.s.b.w.embedded.tomcat.TomcatWebServer  : Tomcat started on port 8083 (http) with context path '/v1'
2023-12-12T13:22:32.447+05:30  INFO 12124 --- [CUSTOMER-SERVICE] [restartedMain] c.cust.poc.CustomerServiceApplication    : Started CustomerServiceApplication in 12.214 seconds (process running for 14.027)
2023-12-12T13:23:14.657+05:30  INFO 12124 --- [CUSTOMER-SERVICE] [http-nio-8083-exec-1] o.a.c.c.C.[Tomcat].[localhost].[/v1]     : Initializing Spring DispatcherServlet 'dispatcherServlet'
2023-12-12T13:23:14.657+05:30  INFO 12124 --- [CUSTOMER-SERVICE] [http-nio-8083-exec-1] o.s.web.servlet.DispatcherServlet        : Initializing Servlet 'dispatcherServlet'
2023-12-12T13:23:14.670+05:30 DEBUG 12124 --- [CUSTOMER-SERVICE] [http-nio-8083-exec-1] o.s.web.servlet.DispatcherServlet        : Detected StandardServletMultipartResolver
2023-12-12T13:23:14.670+05:30 DEBUG 12124 --- [CUSTOMER-SERVICE] [http-nio-8083-exec-1] o.s.web.servlet.DispatcherServlet        : Detected AcceptHeaderLocaleResolver
2023-12-12T13:23:14.670+05:30 DEBUG 12124 --- [CUSTOMER-SERVICE] [http-nio-8083-exec-1] o.s.web.servlet.DispatcherServlet        : Detected FixedThemeResolver
2023-12-12T13:23:14.672+05:30 DEBUG 12124 --- [CUSTOMER-SERVICE] [http-nio-8083-exec-1] o.s.web.servlet.DispatcherServlet        : Detected org.springframework.web.servlet.view.DefaultRequestToViewNameTranslator@5d5200b0
2023-12-12T13:23:14.672+05:30 DEBUG 12124 --- [CUSTOMER-SERVICE] [http-nio-8083-exec-1] o.s.web.servlet.DispatcherServlet        : Detected org.springframework.web.servlet.support.SessionFlashMapManager@22585b2b
2023-12-12T13:23:14.672+05:30 DEBUG 12124 --- [CUSTOMER-SERVICE] [http-nio-8083-exec-1] o.s.web.servlet.DispatcherServlet        : enableLoggingRequestDetails='false': request parameters and headers will be masked to prevent unsafe logging of potentially sensitive data
2023-12-12T13:23:14.672+05:30  INFO 12124 --- [CUSTOMER-SERVICE] [http-nio-8083-exec-1] o.s.web.servlet.DispatcherServlet        : Completed initialization in 15 ms
2023-12-12T13:23:14.721+05:30 DEBUG 12124 --- [CUSTOMER-SERVICE] [http-nio-8083-exec-1] o.s.web.servlet.DispatcherServlet        : GET "/v1/swagger-ui/index.html", parameters={}
2023-12-12T13:23:14.738+05:30 DEBUG 12124 --- [CUSTOMER-SERVICE] [http-nio-8083-exec-1] o.s.w.s.handler.SimpleUrlHandlerMapping  : Mapped to ResourceHttpRequestHandler [classpath [META-INF/resources/webjars/]]
2023-12-12T13:23:14.797+05:30 DEBUG 12124 --- [CUSTOMER-SERVICE] [http-nio-8083-exec-1] o.s.web.servlet.DispatcherServlet        : Completed 304 NOT_MODIFIED
2023-12-12T13:23:14.819+05:30 DEBUG 12124 --- [CUSTOMER-SERVICE] [http-nio-8083-exec-2] o.s.web.servlet.DispatcherServlet        : GET "/v1/swagger-ui/swagger-initializer.js", parameters={}
2023-12-12T13:23:14.822+05:30 DEBUG 12124 --- [CUSTOMER-SERVICE] [http-nio-8083-exec-2] o.s.w.s.handler.SimpleUrlHandlerMapping  : Mapped to ResourceHttpRequestHandler [classpath [META-INF/resources/webjars/]]
2023-12-12T13:23:14.909+05:30 DEBUG 12124 --- [CUSTOMER-SERVICE] [http-nio-8083-exec-2] o.s.web.servlet.DispatcherServlet        : Completed 200 OK
2023-12-12T13:23:14.933+05:30 DEBUG 12124 --- [CUSTOMER-SERVICE] [http-nio-8083-exec-3] o.s.web.servlet.DispatcherServlet        : GET "/v1/v3/api-docs/swagger-config", parameters={}
2023-12-12T13:23:14.937+05:30 DEBUG 12124 --- [CUSTOMER-SERVICE] [http-nio-8083-exec-3] s.w.s.m.m.a.RequestMappingHandlerMapping : Mapped to org.springdoc.webmvc.ui.SwaggerConfigResource#openapiJson(HttpServletRequest)
2023-12-12T13:23:14.974+05:30 DEBUG 12124 --- [CUSTOMER-SERVICE] [http-nio-8083-exec-3] m.m.a.RequestResponseBodyMethodProcessor : Using 'application/json', given [*/*] and supported [application/json]
2023-12-12T13:23:14.982+05:30 DEBUG 12124 --- [CUSTOMER-SERVICE] [http-nio-8083-exec-3] m.m.a.RequestResponseBodyMethodProcessor : Writing [{configUrl=/v1/v3/api-docs/swagger-config, oauth2RedirectUrl=http://localhost:8083/v1/swagger-ui/oau (truncated)...]
2023-12-12T13:23:15.001+05:30 DEBUG 12124 --- [CUSTOMER-SERVICE] [http-nio-8083-exec-3] o.s.web.servlet.DispatcherServlet        : Completed 200 OK
2023-12-12T13:23:15.042+05:30 DEBUG 12124 --- [CUSTOMER-SERVICE] [http-nio-8083-exec-4] o.s.web.servlet.DispatcherServlet        : GET "/v1/v3/api-docs", parameters={}
2023-12-12T13:23:15.042+05:30 DEBUG 12124 --- [CUSTOMER-SERVICE] [http-nio-8083-exec-4] s.w.s.m.m.a.RequestMappingHandlerMapping : Mapped to org.springdoc.webmvc.api.OpenApiWebMvcResource#openapiJson(HttpServletRequest, String, Locale)
2023-12-12T13:23:15.831+05:30  INFO 12124 --- [CUSTOMER-SERVICE] [http-nio-8083-exec-4] o.springdoc.api.AbstractOpenApiResource  : Init duration for springdoc-openapi is: 757 ms
2023-12-12T13:23:15.905+05:30 DEBUG 12124 --- [CUSTOMER-SERVICE] [http-nio-8083-exec-4] m.m.a.RequestResponseBodyMethodProcessor : Using 'application/json', given [application/json, */*] and supported [application/json]
2023-12-12T13:23:15.905+05:30 DEBUG 12124 --- [CUSTOMER-SERVICE] [http-nio-8083-exec-4] m.m.a.RequestResponseBodyMethodProcessor : Writing [{123, 34, 111, 112, 101, 110, 97, 112, 105, 34, 58, 34, 51, 46, 48, 46, 49, 34, 44, 34, 105, 110, 10 (truncated)...]
2023-12-12T13:23:15.905+05:30 DEBUG 12124 --- [CUSTOMER-SERVICE] [http-nio-8083-exec-4] o.s.web.servlet.DispatcherServlet        : Completed 200 OK
2023-12-12T13:23:23.313+05:30 DEBUG 12124 --- [CUSTOMER-SERVICE] [http-nio-8083-exec-6] o.s.web.servlet.DispatcherServlet        : GET "/v1/swagger-ui/swagger-initializer.js", parameters={}
2023-12-12T13:23:23.322+05:30 DEBUG 12124 --- [CUSTOMER-SERVICE] [http-nio-8083-exec-6] o.s.w.s.handler.SimpleUrlHandlerMapping  : Mapped to ResourceHttpRequestHandler [classpath [META-INF/resources/webjars/]]
2023-12-12T13:23:23.330+05:30 DEBUG 12124 --- [CUSTOMER-SERVICE] [http-nio-8083-exec-6] o.s.web.servlet.DispatcherServlet        : Completed 200 OK
2023-12-12T13:23:24.095+05:30 DEBUG 12124 --- [CUSTOMER-SERVICE] [http-nio-8083-exec-5] o.s.web.servlet.DispatcherServlet        : GET "/v1/v3/api-docs/swagger-config", parameters={}
2023-12-12T13:23:24.095+05:30 DEBUG 12124 --- [CUSTOMER-SERVICE] [http-nio-8083-exec-5] s.w.s.m.m.a.RequestMappingHandlerMapping : Mapped to org.springdoc.webmvc.ui.SwaggerConfigResource#openapiJson(HttpServletRequest)
2023-12-12T13:23:24.095+05:30 DEBUG 12124 --- [CUSTOMER-SERVICE] [http-nio-8083-exec-5] m.m.a.RequestResponseBodyMethodProcessor : Using 'application/json', given [*/*] and supported [application/json]
2023-12-12T13:23:24.095+05:30 DEBUG 12124 --- [CUSTOMER-SERVICE] [http-nio-8083-exec-5] m.m.a.RequestResponseBodyMethodProcessor : Writing [{configUrl=/v1/v3/api-docs/swagger-config, oauth2RedirectUrl=http://localhost:8083/v1/swagger-ui/oau (truncated)...]
2023-12-12T13:23:24.095+05:30 DEBUG 12124 --- [CUSTOMER-SERVICE] [http-nio-8083-exec-5] o.s.web.servlet.DispatcherServlet        : Completed 200 OK
2023-12-12T13:23:24.149+05:30 DEBUG 12124 --- [CUSTOMER-SERVICE] [http-nio-8083-exec-7] o.s.web.servlet.DispatcherServlet        : GET "/v1/v3/api-docs", parameters={}
2023-12-12T13:23:24.149+05:30 DEBUG 12124 --- [CUSTOMER-SERVICE] [http-nio-8083-exec-7] s.w.s.m.m.a.RequestMappingHandlerMapping : Mapped to org.springdoc.webmvc.api.OpenApiWebMvcResource#openapiJson(HttpServletRequest, String, Locale)
2023-12-12T13:23:24.159+05:30 DEBUG 12124 --- [CUSTOMER-SERVICE] [http-nio-8083-exec-7] m.m.a.RequestResponseBodyMethodProcessor : Using 'application/json', given [application/json, */*] and supported [application/json]
2023-12-12T13:23:24.159+05:30 DEBUG 12124 --- [CUSTOMER-SERVICE] [http-nio-8083-exec-7] m.m.a.RequestResponseBodyMethodProcessor : Writing [{123, 34, 111, 112, 101, 110, 97, 112, 105, 34, 58, 34, 51, 46, 48, 46, 49, 34, 44, 34, 105, 110, 10 (truncated)...]
2023-12-12T13:23:24.163+05:30 DEBUG 12124 --- [CUSTOMER-SERVICE] [http-nio-8083-exec-7] o.s.web.servlet.DispatcherServlet        : Completed 200 OK
2023-12-12T13:36:53.042+05:30  WARN 12124 --- [CUSTOMER-SERVICE] [HikariPool-1 housekeeper] com.zaxxer.hikari.pool.HikariPool        : HikariPool-1 - Thread starvation or clock leap detected (housekeeper delta=2m25s490ms929µs600ns).
2023-12-12T13:44:08.773+05:30 DEBUG 12124 --- [CUSTOMER-SERVICE] [http-nio-8083-exec-10] o.s.web.servlet.DispatcherServlet        : GET "/v1/api/customer/", parameters={}
2023-12-12T13:44:08.773+05:30 DEBUG 12124 --- [CUSTOMER-SERVICE] [http-nio-8083-exec-10] s.w.s.m.m.a.RequestMappingHandlerMapping : Mapped to com.cust.poc.controller.CustomerController#getCustomerDetails()
2023-12-12T13:44:33.100+05:30  INFO 12124 --- [CUSTOMER-SERVICE] [http-nio-8083-exec-10] c.c.poc.controller.CustomerController    : In CustomerService RestController - to fetch All Customer Details
2023-12-12T13:44:33.372+05:30 DEBUG 12124 --- [CUSTOMER-SERVICE] [http-nio-8083-exec-10] o.s.w.c.HttpMessageConverterExtractor    : Reading to [java.util.List<com.cust.poc.entity.Account>]
2023-12-12T13:44:33.400+05:30 DEBUG 12124 --- [CUSTOMER-SERVICE] [http-nio-8083-exec-10] o.s.w.c.HttpMessageConverterExtractor    : Reading to [java.util.List<com.cust.poc.entity.Account>]
2023-12-12T13:44:33.403+05:30 DEBUG 12124 --- [CUSTOMER-SERVICE] [http-nio-8083-exec-10] o.s.w.s.m.m.a.HttpEntityMethodProcessor  : Using 'application/json', given [*/*] and supported [application/json, application/*+json]
2023-12-12T13:44:33.403+05:30 DEBUG 12124 --- [CUSTOMER-SERVICE] [http-nio-8083-exec-10] o.s.w.s.m.m.a.HttpEntityMethodProcessor  : Writing [{data=[com.cust.poc.entity.Customer@51297216, com.cust.poc.entity.Customer@44d97af5, com.cust.poc.en (truncated)...]
2023-12-12T13:44:33.413+05:30 DEBUG 12124 --- [CUSTOMER-SERVICE] [http-nio-8083-exec-10] o.s.web.servlet.DispatcherServlet        : Completed 200 OK
2023-12-12T14:32:18.265+05:30  WARN 12124 --- [CUSTOMER-SERVICE] [HikariPool-1 housekeeper] com.zaxxer.hikari.pool.HikariPool        : HikariPool-1 - Thread starvation or clock leap detected (housekeeper delta=29m14s898ms195µs900ns).
2023-12-12T15:57:07.045+05:30  WARN 12124 --- [CUSTOMER-SERVICE] [HikariPool-1 housekeeper] com.zaxxer.hikari.pool.HikariPool        : HikariPool-1 - Thread starvation or clock leap detected (housekeeper delta=1h10m48s569ms534µs500ns).
2023-12-12T16:09:11.182+05:30  WARN 12124 --- [CUSTOMER-SERVICE] [HikariPool-1 housekeeper] com.zaxxer.hikari.pool.HikariPool        : HikariPool-1 - Thread starvation or clock leap detected (housekeeper delta=3m34s17ms292µs700ns).
2023-12-12T16:21:58.965+05:30  WARN 12124 --- [CUSTOMER-SERVICE] [HikariPool-1 housekeeper] com.zaxxer.hikari.pool.HikariPool        : HikariPool-1 - Thread starvation or clock leap detected (housekeeper delta=1m17s604ms823µs).
2023-12-12T16:41:31.295+05:30  WARN 12124 --- [CUSTOMER-SERVICE] [HikariPool-1 housekeeper] com.zaxxer.hikari.pool.HikariPool        : HikariPool-1 - Thread starvation or clock leap detected (housekeeper delta=16m32s264ms710µs200ns).
2023-12-12T16:55:48.000+05:30  WARN 12124 --- [CUSTOMER-SERVICE] [HikariPool-1 housekeeper] com.zaxxer.hikari.pool.HikariPool        : HikariPool-1 - Thread starvation or clock leap detected (housekeeper delta=3m46s582ms694µs500ns).
2023-12-12T17:05:30.397+05:30  WARN 12124 --- [CUSTOMER-SERVICE] [HikariPool-1 housekeeper] com.zaxxer.hikari.pool.HikariPool        : HikariPool-1 - Thread starvation or clock leap detected (housekeeper delta=1m12s265ms347µs800ns).
2023-12-12T17:46:48.006+05:30  WARN 12124 --- [CUSTOMER-SERVICE] [HikariPool-1 housekeeper] com.zaxxer.hikari.pool.HikariPool        : HikariPool-1 - Thread starvation or clock leap detected (housekeeper delta=9m17s72ms363µs400ns).
2023-12-12T18:14:01.020+05:30  WARN 12124 --- [CUSTOMER-SERVICE] [HikariPool-1 housekeeper] com.zaxxer.hikari.pool.HikariPool        : HikariPool-1 - Thread starvation or clock leap detected (housekeeper delta=15m42s848ms490µs400ns).
2023-12-12T19:20:40.748+05:30  WARN 12124 --- [CUSTOMER-SERVICE] [HikariPool-1 housekeeper] com.zaxxer.hikari.pool.HikariPool        : HikariPool-1 - Thread starvation or clock leap detected (housekeeper delta=25m39s114ms623µs500ns).
2023-12-12T19:21:36.147+05:30  INFO 12124 --- [CUSTOMER-SERVICE] [SpringApplicationShutdownHook] j.LocalContainerEntityManagerFactoryBean : Closing JPA EntityManagerFactory for persistence unit 'default'
2023-12-12T19:21:36.160+05:30  INFO 12124 --- [CUSTOMER-SERVICE] [SpringApplicationShutdownHook] com.zaxxer.hikari.HikariDataSource       : HikariPool-1 - Shutdown initiated...
2023-12-12T19:21:36.166+05:30  INFO 12124 --- [CUSTOMER-SERVICE] [SpringApplicationShutdownHook] com.zaxxer.hikari.HikariDataSource       : HikariPool-1 - Shutdown completed.
